[INFO] DAC opened
[INFO] ADC opened
[INFO] Encoder enabled
[INFO] LDC sensors: 2
[INFO] Captured encoder zero (main): 0.000 deg
[INFO] Sensors: ADC=yes LDC=2(0x2B,0x2A) Encoder=yes
[INFO] Run 1/100
[DEBUG] Pre-valve encoder raw (run 1): -0.000 deg
[INFO] Captured encoder zero for run 1: 0.000 deg (offset from pre-valve: 0.000 deg)
[DEBUG] Trajectory params: {'q0': -0.0, 'q_limit': (0.0, 100.0), 'q_range': (-10.0, 30.0), 'low': -10.0, 'high': 30.0, 'update_q_delta': (0.0, 30.0), 't_range_pass': (2.0, 4.0)}
[INFO] CSV saved: data/myrobot/hirai/csv/20250831/step/slow/motion_data_000.csv
[INFO] Plot saved: data/myrobot/hirai/csv/20250831/step/slow/motion_data_000.png
[INFO] Plot saved: data/myrobot/hirai/graph/20250831/step/slow/motion_data_000.png
[INFO] Run 2/100
[DEBUG] Pre-valve encoder raw (run 2): 20.566 deg
[INFO] Captured encoder zero for run 2: 20.479 deg (offset from pre-valve: -0.088 deg)
[DEBUG] Trajectory params: {'q0': -0.0, 'q_limit': (0.0, 100.0), 'q_range': (-10.0, 30.0), 'low': -10.0, 'high': 30.0, 'update_q_delta': (0.0, 30.0), 't_range_pass': (2.0, 4.0)}
[INFO] CSV saved: data/myrobot/hirai/csv/20250831/step/slow/motion_data_001.csv
[INFO] Plot saved: data/myrobot/hirai/csv/20250831/step/slow/motion_data_001.png
[INFO] Plot saved: data/myrobot/hirai/graph/20250831/step/slow/motion_data_001.png
[INFO] Run 3/100
[DEBUG] Pre-valve encoder raw (run 3): 31.816 deg
[INFO] Captured encoder zero for run 3: 31.904 deg (offset from pre-valve: 0.088 deg)
[DEBUG] Trajectory params: {'q0': -0.0, 'q_limit': (0.0, 100.0), 'q_range': (-10.0, 30.0), 'low': -10.0, 'high': 30.0, 'update_q_delta': (0.0, 30.0), 't_range_pass': (2.0, 4.0)}
[INFO] CSV saved: data/myrobot/hirai/csv/20250831/step/slow/motion_data_002.csv
[INFO] Plot saved: data/myrobot/hirai/csv/20250831/step/slow/motion_data_002.png
[INFO] Plot saved: data/myrobot/hirai/graph/20250831/step/slow/motion_data_002.png
[INFO] Run 4/100
[DEBUG] Pre-valve encoder raw (run 4): 42.188 deg
[INFO] Captured encoder zero for run 4: 42.275 deg (offset from pre-valve: 0.088 deg)
[DEBUG] Trajectory params: {'q0': -0.0, 'q_limit': (0.0, 100.0), 'q_range': (-10.0, 30.0), 'low': -10.0, 'high': 30.0, 'update_q_delta': (0.0, 30.0), 't_range_pass': (2.0, 4.0)}
[INFO] CSV saved: data/myrobot/hirai/csv/20250831/step/slow/motion_data_003.csv
[INFO] Plot saved: data/myrobot/hirai/csv/20250831/step/slow/motion_data_003.png
[INFO] Plot saved: data/myrobot/hirai/graph/20250831/step/slow/motion_data_003.png
[INFO] Run 5/100
[DEBUG] Pre-valve encoder raw (run 5): 55.020 deg
[INFO] Captured encoder zero for run 5: 55.107 deg (offset from pre-valve: 0.088 deg)
[DEBUG] Trajectory params: {'q0': -0.0, 'q_limit': (0.0, 100.0), 'q_range': (-10.0, 30.0), 'low': -10.0, 'high': 30.0, 'update_q_delta': (0.0, 30.0), 't_range_pass': (2.0, 4.0)}
[INFO] CSV saved: data/myrobot/hirai/csv/20250831/step/slow/motion_data_004.csv
[INFO] Plot saved: data/myrobot/hirai/csv/20250831/step/slow/motion_data_004.png
[INFO] Plot saved: data/myrobot/hirai/graph/20250831/step/slow/motion_data_004.png
[INFO] Run 6/100
[DEBUG] Pre-valve encoder raw (run 6): 52.207 deg
[INFO] Captured encoder zero for run 6: 52.119 deg (offset from pre-valve: -0.088 deg)
[DEBUG] Trajectory params: {'q0': -0.0, 'q_limit': (0.0, 100.0), 'q_range': (-10.0, 30.0), 'low': -10.0, 'high': 30.0, 'update_q_delta': (0.0, 30.0), 't_range_pass': (2.0, 4.0)}
[INFO] CSV saved: data/myrobot/hirai/csv/20250831/step/slow/motion_data_005.csv
[INFO] Plot saved: data/myrobot/hirai/csv/20250831/step/slow/motion_data_005.png
[INFO] Plot saved: data/myrobot/hirai/graph/20250831/step/slow/motion_data_005.png
[INFO] Run 7/100
[DEBUG] Pre-valve encoder raw (run 7): 60.557 deg
[INFO] Captured encoder zero for run 7: 60.645 deg (offset from pre-valve: 0.088 deg)
[DEBUG] Trajectory params: {'q0': -0.0, 'q_limit': (0.0, 100.0), 'q_range': (-10.0, 30.0), 'low': -10.0, 'high': 30.0, 'update_q_delta': (0.0, 30.0), 't_range_pass': (2.0, 4.0)}
[INFO] CSV saved: data/myrobot/hirai/csv/20250831/step/slow/motion_data_006.csv
[INFO] Plot saved: data/myrobot/hirai/csv/20250831/step/slow/motion_data_006.png
[INFO] Plot saved: data/myrobot/hirai/graph/20250831/step/slow/motion_data_006.png
[INFO] Run 8/100
[DEBUG] Pre-valve encoder raw (run 8): 72.598 deg
[INFO] Captured encoder zero for run 8: 72.598 deg (offset from pre-valve: 0.000 deg)
[DEBUG] Trajectory params: {'q0': -0.0, 'q_limit': (0.0, 100.0), 'q_range': (-10.0, 30.0), 'low': -10.0, 'high': 30.0, 'update_q_delta': (0.0, 30.0), 't_range_pass': (2.0, 4.0)}
[INFO] CSV saved: data/myrobot/hirai/csv/20250831/step/slow/motion_data_007.csv
[INFO] Plot saved: data/myrobot/hirai/csv/20250831/step/slow/motion_data_007.png
[INFO] Plot saved: data/myrobot/hirai/graph/20250831/step/slow/motion_data_007.png
[INFO] Run 9/100
[DEBUG] Pre-valve encoder raw (run 9): 78.750 deg
[INFO] Captured encoder zero for run 9: 78.662 deg (offset from pre-valve: -0.088 deg)
[DEBUG] Trajectory params: {'q0': -0.0, 'q_limit': (0.0, 100.0), 'q_range': (-10.0, 30.0), 'low': -10.0, 'high': 30.0, 'update_q_delta': (0.0, 30.0), 't_range_pass': (2.0, 4.0)}
[INFO] CSV saved: data/myrobot/hirai/csv/20250831/step/slow/motion_data_008.csv
[INFO] Plot saved: data/myrobot/hirai/csv/20250831/step/slow/motion_data_008.png
[INFO] Plot saved: data/myrobot/hirai/graph/20250831/step/slow/motion_data_008.png
[INFO] Run 10/100
[DEBUG] Pre-valve encoder raw (run 10): 88.594 deg
[INFO] Captured encoder zero for run 10: 88.682 deg (offset from pre-valve: 0.088 deg)
[DEBUG] Trajectory params: {'q0': -0.0, 'q_limit': (0.0, 100.0), 'q_range': (-10.0, 30.0), 'low': -10.0, 'high': 30.0, 'update_q_delta': (0.0, 30.0), 't_range_pass': (2.0, 4.0)}
[INFO] CSV saved: data/myrobot/hirai/csv/20250831/step/slow/motion_data_009.csv
[INFO] Plot saved: data/myrobot/hirai/csv/20250831/step/slow/motion_data_009.png
[INFO] Plot saved: data/myrobot/hirai/graph/20250831/step/slow/motion_data_009.png
[INFO] Run 11/100
[DEBUG] Pre-valve encoder raw (run 11): 92.725 deg
[INFO] Captured encoder zero for run 11: 92.725 deg (offset from pre-valve: 0.000 deg)
[DEBUG] Trajectory params: {'q0': -0.0, 'q_limit': (0.0, 100.0), 'q_range': (-10.0, 30.0), 'low': -10.0, 'high': 30.0, 'update_q_delta': (0.0, 30.0), 't_range_pass': (2.0, 4.0)}
[INFO] CSV saved: data/myrobot/hirai/csv/20250831/step/slow/motion_data_010.csv
[INFO] Plot saved: data/myrobot/hirai/csv/20250831/step/slow/motion_data_010.png
[INFO] Plot saved: data/myrobot/hirai/graph/20250831/step/slow/motion_data_010.png
[INFO] Run 12/100
[DEBUG] Pre-valve encoder raw (run 12): 88.594 deg
[INFO] Captured encoder zero for run 12: 88.682 deg (offset from pre-valve: 0.088 deg)
[DEBUG] Trajectory params: {'q0': -0.0, 'q_limit': (0.0, 100.0), 'q_range': (-10.0, 30.0), 'low': -10.0, 'high': 30.0, 'update_q_delta': (0.0, 30.0), 't_range_pass': (2.0, 4.0)}
[INFO] CSV saved: data/myrobot/hirai/csv/20250831/step/slow/motion_data_011.csv
[INFO] Plot saved: data/myrobot/hirai/csv/20250831/step/slow/motion_data_011.png
[INFO] Plot saved: data/myrobot/hirai/graph/20250831/step/slow/motion_data_011.png
[INFO] Run 13/100
[DEBUG] Pre-valve encoder raw (run 13): 77.695 deg
[INFO] Captured encoder zero for run 13: 77.695 deg (offset from pre-valve: 0.000 deg)
[DEBUG] Trajectory params: {'q0': -0.0, 'q_limit': (0.0, 100.0), 'q_range': (-10.0, 30.0), 'low': -10.0, 'high': 30.0, 'update_q_delta': (0.0, 30.0), 't_range_pass': (2.0, 4.0)}
[INFO] CSV saved: data/myrobot/hirai/csv/20250831/step/slow/motion_data_012.csv
[INFO] Plot saved: data/myrobot/hirai/csv/20250831/step/slow/motion_data_012.png
[INFO] Plot saved: data/myrobot/hirai/graph/20250831/step/slow/motion_data_012.png
[INFO] Run 14/100
[DEBUG] Pre-valve encoder raw (run 14): 101.514 deg
[INFO] Captured encoder zero for run 14: 101.602 deg (offset from pre-valve: 0.088 deg)
[DEBUG] Trajectory params: {'q0': -0.0, 'q_limit': (0.0, 100.0), 'q_range': (-10.0, 30.0), 'low': -10.0, 'high': 30.0, 'update_q_delta': (0.0, 30.0), 't_range_pass': (2.0, 4.0)}
[INFO] CSV saved: data/myrobot/hirai/csv/20250831/step/slow/motion_data_013.csv
[INFO] Plot saved: data/myrobot/hirai/csv/20250831/step/slow/motion_data_013.png
[INFO] Plot saved: data/myrobot/hirai/graph/20250831/step/slow/motion_data_013.png
[INFO] Run 15/100
[DEBUG] Pre-valve encoder raw (run 15): 126.475 deg
[INFO] Captured encoder zero for run 15: 126.387 deg (offset from pre-valve: -0.088 deg)
[DEBUG] Trajectory params: {'q0': -0.0, 'q_limit': (0.0, 100.0), 'q_range': (-10.0, 30.0), 'low': -10.0, 'high': 30.0, 'update_q_delta': (0.0, 30.0), 't_range_pass': (2.0, 4.0)}
[INFO] CSV saved: data/myrobot/hirai/csv/20250831/step/slow/motion_data_014.csv
[INFO] Plot saved: data/myrobot/hirai/csv/20250831/step/slow/motion_data_014.png
[INFO] Plot saved: data/myrobot/hirai/graph/20250831/step/slow/motion_data_014.png
[INFO] Run 16/100
[DEBUG] Pre-valve encoder raw (run 16): 143.965 deg
[INFO] Captured encoder zero for run 16: 143.877 deg (offset from pre-valve: -0.088 deg)
[DEBUG] Trajectory params: {'q0': -0.0, 'q_limit': (0.0, 100.0), 'q_range': (-10.0, 30.0), 'low': -10.0, 'high': 30.0, 'update_q_delta': (0.0, 30.0), 't_range_pass': (2.0, 4.0)}
[INFO] CSV saved: data/myrobot/hirai/csv/20250831/step/slow/motion_data_015.csv
[INFO] Plot saved: data/myrobot/hirai/csv/20250831/step/slow/motion_data_015.png
[INFO] Plot saved: data/myrobot/hirai/graph/20250831/step/slow/motion_data_015.png
[INFO] Run 17/100
[DEBUG] Pre-valve encoder raw (run 17): 161.631 deg
[INFO] Captured encoder zero for run 17: 161.543 deg (offset from pre-valve: -0.088 deg)
[DEBUG] Trajectory params: {'q0': -0.0, 'q_limit': (0.0, 100.0), 'q_range': (-10.0, 30.0), 'low': -10.0, 'high': 30.0, 'update_q_delta': (0.0, 30.0), 't_range_pass': (2.0, 4.0)}
[INFO] CSV saved: data/myrobot/hirai/csv/20250831/step/slow/motion_data_016.csv
[INFO] Plot saved: data/myrobot/hirai/csv/20250831/step/slow/motion_data_016.png
[INFO] Plot saved: data/myrobot/hirai/graph/20250831/step/slow/motion_data_016.png
[INFO] Run 18/100
[DEBUG] Pre-valve encoder raw (run 18): 173.760 deg
[INFO] Captured encoder zero for run 18: 173.760 deg (offset from pre-valve: 0.000 deg)
[DEBUG] Trajectory params: {'q0': -0.0, 'q_limit': (0.0, 100.0), 'q_range': (-10.0, 30.0), 'low': -10.0, 'high': 30.0, 'update_q_delta': (0.0, 30.0), 't_range_pass': (2.0, 4.0)}
[INFO] CSV saved: data/myrobot/hirai/csv/20250831/step/slow/motion_data_017.csv
[INFO] Plot saved: data/myrobot/hirai/csv/20250831/step/slow/motion_data_017.png
[INFO] Plot saved: data/myrobot/hirai/graph/20250831/step/slow/motion_data_017.png
[INFO] Run 19/100
[DEBUG] Pre-valve encoder raw (run 19): 178.506 deg
[INFO] Captured encoder zero for run 19: 178.506 deg (offset from pre-valve: 0.000 deg)
[DEBUG] Trajectory params: {'q0': -0.0, 'q_limit': (0.0, 100.0), 'q_range': (-10.0, 30.0), 'low': -10.0, 'high': 30.0, 'update_q_delta': (0.0, 30.0), 't_range_pass': (2.0, 4.0)}
[INFO] CSV saved: data/myrobot/hirai/csv/20250831/step/slow/motion_data_018.csv
[INFO] Plot saved: data/myrobot/hirai/csv/20250831/step/slow/motion_data_018.png
[INFO] Plot saved: data/myrobot/hirai/graph/20250831/step/slow/motion_data_018.png
[INFO] Run 20/100
[DEBUG] Pre-valve encoder raw (run 20): 204.170 deg
[INFO] Captured encoder zero for run 20: 204.082 deg (offset from pre-valve: -0.088 deg)
[DEBUG] Trajectory params: {'q0': -0.0, 'q_limit': (0.0, 100.0), 'q_range': (-10.0, 30.0), 'low': -10.0, 'high': 30.0, 'update_q_delta': (0.0, 30.0), 't_range_pass': (2.0, 4.0)}
[INFO] CSV saved: data/myrobot/hirai/csv/20250831/step/slow/motion_data_019.csv
[INFO] Plot saved: data/myrobot/hirai/csv/20250831/step/slow/motion_data_019.png
[INFO] Plot saved: data/myrobot/hirai/graph/20250831/step/slow/motion_data_019.png
[INFO] Run 21/100
[DEBUG] Pre-valve encoder raw (run 21): 196.699 deg
[INFO] Captured encoder zero for run 21: 196.611 deg (offset from pre-valve: -0.088 deg)
[DEBUG] Trajectory params: {'q0': -0.0, 'q_limit': (0.0, 100.0), 'q_range': (-10.0, 30.0), 'low': -10.0, 'high': 30.0, 'update_q_delta': (0.0, 30.0), 't_range_pass': (2.0, 4.0)}
[INFO] CSV saved: data/myrobot/hirai/csv/20250831/step/slow/motion_data_020.csv
/home/hosodalab2/Desktop/MyRobot/apps/myrobot_lib/plotter.py:86: RuntimeWarning: More than 20 figures have been opened. Figures created through the pyplot interface (`matplotlib.pyplot.figure`) are retained until explicitly closed and may consume too much memory. (To control this warning, see the rcParam `figure.max_open_warning`). Consider using `matplotlib.pyplot.close()`.
  fig = plt.figure(figsize=(10, 12))
[INFO] Plot saved: data/myrobot/hirai/csv/20250831/step/slow/motion_data_020.png
[INFO] Plot saved: data/myrobot/hirai/graph/20250831/step/slow/motion_data_020.png
[INFO] Run 22/100
[DEBUG] Pre-valve encoder raw (run 22): 196.084 deg
[INFO] Captured encoder zero for run 22: 196.172 deg (offset from pre-valve: 0.088 deg)
[DEBUG] Trajectory params: {'q0': -0.0, 'q_limit': (0.0, 100.0), 'q_range': (-10.0, 30.0), 'low': -10.0, 'high': 30.0, 'update_q_delta': (0.0, 30.0), 't_range_pass': (2.0, 4.0)}
[INFO] CSV saved: data/myrobot/hirai/csv/20250831/step/slow/motion_data_021.csv
[INFO] Plot saved: data/myrobot/hirai/csv/20250831/step/slow/motion_data_021.png
[INFO] Plot saved: data/myrobot/hirai/graph/20250831/step/slow/motion_data_021.png
[INFO] Run 23/100
[DEBUG] Pre-valve encoder raw (run 23): 201.357 deg
[INFO] Captured encoder zero for run 23: 201.270 deg (offset from pre-valve: -0.088 deg)
[DEBUG] Trajectory params: {'q0': -0.0, 'q_limit': (0.0, 100.0), 'q_range': (-10.0, 30.0), 'low': -10.0, 'high': 30.0, 'update_q_delta': (0.0, 30.0), 't_range_pass': (2.0, 4.0)}
[INFO] CSV saved: data/myrobot/hirai/csv/20250831/step/slow/motion_data_022.csv
[INFO] Plot saved: data/myrobot/hirai/csv/20250831/step/slow/motion_data_022.png
[INFO] Plot saved: data/myrobot/hirai/graph/20250831/step/slow/motion_data_022.png
[INFO] Run 24/100
[DEBUG] Pre-valve encoder raw (run 24): 209.092 deg
[INFO] Captured encoder zero for run 24: 209.092 deg (offset from pre-valve: 0.000 deg)
[DEBUG] Trajectory params: {'q0': -0.0, 'q_limit': (0.0, 100.0), 'q_range': (-10.0, 30.0), 'low': -10.0, 'high': 30.0, 'update_q_delta': (0.0, 30.0), 't_range_pass': (2.0, 4.0)}
[INFO] CSV saved: data/myrobot/hirai/csv/20250831/step/slow/motion_data_023.csv
[INFO] Plot saved: data/myrobot/hirai/csv/20250831/step/slow/motion_data_023.png
[INFO] Plot saved: data/myrobot/hirai/graph/20250831/step/slow/motion_data_023.png
[INFO] Run 25/100
[DEBUG] Pre-valve encoder raw (run 25): 203.555 deg
[INFO] Captured encoder zero for run 25: 203.467 deg (offset from pre-valve: -0.088 deg)
[DEBUG] Trajectory params: {'q0': -0.0, 'q_limit': (0.0, 100.0), 'q_range': (-10.0, 30.0), 'low': -10.0, 'high': 30.0, 'update_q_delta': (0.0, 30.0), 't_range_pass': (2.0, 4.0)}
[INFO] CSV saved: data/myrobot/hirai/csv/20250831/step/slow/motion_data_024.csv
[INFO] Plot saved: data/myrobot/hirai/csv/20250831/step/slow/motion_data_024.png
[INFO] Plot saved: data/myrobot/hirai/graph/20250831/step/slow/motion_data_024.png
[INFO] Run 26/100
[DEBUG] Pre-valve encoder raw (run 26): 228.252 deg
[INFO] Captured encoder zero for run 26: 228.252 deg (offset from pre-valve: 0.000 deg)
[DEBUG] Trajectory params: {'q0': -0.0, 'q_limit': (0.0, 100.0), 'q_range': (-10.0, 30.0), 'low': -10.0, 'high': 30.0, 'update_q_delta': (0.0, 30.0), 't_range_pass': (2.0, 4.0)}
[INFO] CSV saved: data/myrobot/hirai/csv/20250831/step/slow/motion_data_025.csv
[INFO] Plot saved: data/myrobot/hirai/csv/20250831/step/slow/motion_data_025.png
[INFO] Plot saved: data/myrobot/hirai/graph/20250831/step/slow/motion_data_025.png
[INFO] Run 27/100
[DEBUG] Pre-valve encoder raw (run 27): 248.115 deg
[INFO] Captured encoder zero for run 27: 248.115 deg (offset from pre-valve: 0.000 deg)
[DEBUG] Trajectory params: {'q0': -0.0, 'q_limit': (0.0, 100.0), 'q_range': (-10.0, 30.0), 'low': -10.0, 'high': 30.0, 'update_q_delta': (0.0, 30.0), 't_range_pass': (2.0, 4.0)}
[INFO] CSV saved: data/myrobot/hirai/csv/20250831/step/slow/motion_data_026.csv
[INFO] Plot saved: data/myrobot/hirai/csv/20250831/step/slow/motion_data_026.png
[INFO] Plot saved: data/myrobot/hirai/graph/20250831/step/slow/motion_data_026.png
[INFO] Run 28/100
[DEBUG] Pre-valve encoder raw (run 28): 265.342 deg
[INFO] Captured encoder zero for run 28: 265.342 deg (offset from pre-valve: 0.000 deg)
[DEBUG] Trajectory params: {'q0': -0.0, 'q_limit': (0.0, 100.0), 'q_range': (-10.0, 30.0), 'low': -10.0, 'high': 30.0, 'update_q_delta': (0.0, 30.0), 't_range_pass': (2.0, 4.0)}
[INFO] CSV saved: data/myrobot/hirai/csv/20250831/step/slow/motion_data_027.csv
[INFO] Plot saved: data/myrobot/hirai/csv/20250831/step/slow/motion_data_027.png
[INFO] Plot saved: data/myrobot/hirai/graph/20250831/step/slow/motion_data_027.png
[INFO] Run 29/100
[DEBUG] Pre-valve encoder raw (run 29): 280.459 deg
[INFO] Captured encoder zero for run 29: 280.459 deg (offset from pre-valve: 0.000 deg)
[DEBUG] Trajectory params: {'q0': -0.0, 'q_limit': (0.0, 100.0), 'q_range': (-10.0, 30.0), 'low': -10.0, 'high': 30.0, 'update_q_delta': (0.0, 30.0), 't_range_pass': (2.0, 4.0)}
[INFO] CSV saved: data/myrobot/hirai/csv/20250831/step/slow/motion_data_028.csv
[INFO] Plot saved: data/myrobot/hirai/csv/20250831/step/slow/motion_data_028.png
[INFO] Plot saved: data/myrobot/hirai/graph/20250831/step/slow/motion_data_028.png
[INFO] Run 30/100
[DEBUG] Pre-valve encoder raw (run 30): 300.498 deg
[INFO] Captured encoder zero for run 30: 300.498 deg (offset from pre-valve: 0.000 deg)
[DEBUG] Trajectory params: {'q0': -0.0, 'q_limit': (0.0, 100.0), 'q_range': (-10.0, 30.0), 'low': -10.0, 'high': 30.0, 'update_q_delta': (0.0, 30.0), 't_range_pass': (2.0, 4.0)}
[INFO] CSV saved: data/myrobot/hirai/csv/20250831/step/slow/motion_data_029.csv
[INFO] Plot saved: data/myrobot/hirai/csv/20250831/step/slow/motion_data_029.png
[INFO] Plot saved: data/myrobot/hirai/graph/20250831/step/slow/motion_data_029.png
[INFO] Run 31/100
[DEBUG] Pre-valve encoder raw (run 31): 313.945 deg
[INFO] Captured encoder zero for run 31: 313.945 deg (offset from pre-valve: 0.000 deg)
[DEBUG] Trajectory params: {'q0': -0.0, 'q_limit': (0.0, 100.0), 'q_range': (-10.0, 30.0), 'low': -10.0, 'high': 30.0, 'update_q_delta': (0.0, 30.0), 't_range_pass': (2.0, 4.0)}
[INFO] CSV saved: data/myrobot/hirai/csv/20250831/step/slow/motion_data_030.csv
[INFO] Plot saved: data/myrobot/hirai/csv/20250831/step/slow/motion_data_030.png
[INFO] Plot saved: data/myrobot/hirai/graph/20250831/step/slow/motion_data_030.png
[INFO] Run 32/100
[DEBUG] Pre-valve encoder raw (run 32): 327.832 deg
[INFO] Captured encoder zero for run 32: 327.744 deg (offset from pre-valve: -0.088 deg)
[DEBUG] Trajectory params: {'q0': -0.0, 'q_limit': (0.0, 100.0), 'q_range': (-10.0, 30.0), 'low': -10.0, 'high': 30.0, 'update_q_delta': (0.0, 30.0), 't_range_pass': (2.0, 4.0)}
[INFO] CSV saved: data/myrobot/hirai/csv/20250831/step/slow/motion_data_031.csv
[INFO] Plot saved: data/myrobot/hirai/csv/20250831/step/slow/motion_data_031.png
[INFO] Plot saved: data/myrobot/hirai/graph/20250831/step/slow/motion_data_031.png
[INFO] Run 33/100
[DEBUG] Pre-valve encoder raw (run 33): 345.586 deg
[INFO] Captured encoder zero for run 33: 345.586 deg (offset from pre-valve: 0.000 deg)
[DEBUG] Trajectory params: {'q0': -0.0, 'q_limit': (0.0, 100.0), 'q_range': (-10.0, 30.0), 'low': -10.0, 'high': 30.0, 'update_q_delta': (0.0, 30.0), 't_range_pass': (2.0, 4.0)}
[INFO] CSV saved: data/myrobot/hirai/csv/20250831/step/slow/motion_data_032.csv
[INFO] Plot saved: data/myrobot/hirai/csv/20250831/step/slow/motion_data_032.png
[INFO] Plot saved: data/myrobot/hirai/graph/20250831/step/slow/motion_data_032.png
[INFO] Run 34/100
[DEBUG] Pre-valve encoder raw (run 34): 340.049 deg
[INFO] Captured encoder zero for run 34: 340.049 deg (offset from pre-valve: 0.000 deg)
[DEBUG] Trajectory params: {'q0': -0.0, 'q_limit': (0.0, 100.0), 'q_range': (-10.0, 30.0), 'low': -10.0, 'high': 30.0, 'update_q_delta': (0.0, 30.0), 't_range_pass': (2.0, 4.0)}
[INFO] CSV saved: data/myrobot/hirai/csv/20250831/step/slow/motion_data_033.csv
[INFO] Plot saved: data/myrobot/hirai/csv/20250831/step/slow/motion_data_033.png
[INFO] Plot saved: data/myrobot/hirai/graph/20250831/step/slow/motion_data_033.png
[INFO] Run 35/100
[DEBUG] Pre-valve encoder raw (run 35): 365.186 deg
[INFO] Captured encoder zero for run 35: 365.186 deg (offset from pre-valve: 0.000 deg)
[DEBUG] Trajectory params: {'q0': -0.0, 'q_limit': (0.0, 100.0), 'q_range': (-10.0, 30.0), 'low': -10.0, 'high': 30.0, 'update_q_delta': (0.0, 30.0), 't_range_pass': (2.0, 4.0)}
[INFO] CSV saved: data/myrobot/hirai/csv/20250831/step/slow/motion_data_034.csv
[INFO] Plot saved: data/myrobot/hirai/csv/20250831/step/slow/motion_data_034.png
[INFO] Plot saved: data/myrobot/hirai/graph/20250831/step/slow/motion_data_034.png
[INFO] Run 36/100
[DEBUG] Pre-valve encoder raw (run 36): 360.264 deg
[INFO] Captured encoder zero for run 36: 360.264 deg (offset from pre-valve: 0.000 deg)
[DEBUG] Trajectory params: {'q0': -0.0, 'q_limit': (0.0, 100.0), 'q_range': (-10.0, 30.0), 'low': -10.0, 'high': 30.0, 'update_q_delta': (0.0, 30.0), 't_range_pass': (2.0, 4.0)}
[INFO] CSV saved: data/myrobot/hirai/csv/20250831/step/slow/motion_data_035.csv
[INFO] Plot saved: data/myrobot/hirai/csv/20250831/step/slow/motion_data_035.png
[INFO] Plot saved: data/myrobot/hirai/graph/20250831/step/slow/motion_data_035.png
[INFO] Run 37/100
[DEBUG] Pre-valve encoder raw (run 37): 369.756 deg
[INFO] Captured encoder zero for run 37: 369.844 deg (offset from pre-valve: 0.088 deg)
[DEBUG] Trajectory params: {'q0': -0.0, 'q_limit': (0.0, 100.0), 'q_range': (-10.0, 30.0), 'low': -10.0, 'high': 30.0, 'update_q_delta': (0.0, 30.0), 't_range_pass': (2.0, 4.0)}
[INFO] CSV saved: data/myrobot/hirai/csv/20250831/step/slow/motion_data_036.csv
[INFO] Plot saved: data/myrobot/hirai/csv/20250831/step/slow/motion_data_036.png
[INFO] Plot saved: data/myrobot/hirai/graph/20250831/step/slow/motion_data_036.png
[INFO] Run 38/100
[DEBUG] Pre-valve encoder raw (run 38): 377.314 deg
[INFO] Captured encoder zero for run 38: 377.314 deg (offset from pre-valve: 0.000 deg)
[DEBUG] Trajectory params: {'q0': -0.0, 'q_limit': (0.0, 100.0), 'q_range': (-10.0, 30.0), 'low': -10.0, 'high': 30.0, 'update_q_delta': (0.0, 30.0), 't_range_pass': (2.0, 4.0)}
[INFO] CSV saved: data/myrobot/hirai/csv/20250831/step/slow/motion_data_037.csv
[INFO] Plot saved: data/myrobot/hirai/csv/20250831/step/slow/motion_data_037.png
[INFO] Plot saved: data/myrobot/hirai/graph/20250831/step/slow/motion_data_037.png
[INFO] Run 39/100
[DEBUG] Pre-valve encoder raw (run 39): 398.145 deg
[INFO] Captured encoder zero for run 39: 398.145 deg (offset from pre-valve: 0.000 deg)
[DEBUG] Trajectory params: {'q0': -0.0, 'q_limit': (0.0, 100.0), 'q_range': (-10.0, 30.0), 'low': -10.0, 'high': 30.0, 'update_q_delta': (0.0, 30.0), 't_range_pass': (2.0, 4.0)}
[INFO] CSV saved: data/myrobot/hirai/csv/20250831/step/slow/motion_data_038.csv
[INFO] Plot saved: data/myrobot/hirai/csv/20250831/step/slow/motion_data_038.png
[INFO] Plot saved: data/myrobot/hirai/graph/20250831/step/slow/motion_data_038.png
[INFO] Run 40/100
[DEBUG] Pre-valve encoder raw (run 40): 395.859 deg
[INFO] Captured encoder zero for run 40: 395.859 deg (offset from pre-valve: 0.000 deg)
[DEBUG] Trajectory params: {'q0': -0.0, 'q_limit': (0.0, 100.0), 'q_range': (-10.0, 30.0), 'low': -10.0, 'high': 30.0, 'update_q_delta': (0.0, 30.0), 't_range_pass': (2.0, 4.0)}
[INFO] CSV saved: data/myrobot/hirai/csv/20250831/step/slow/motion_data_039.csv
[INFO] Plot saved: data/myrobot/hirai/csv/20250831/step/slow/motion_data_039.png
[INFO] Plot saved: data/myrobot/hirai/graph/20250831/step/slow/motion_data_039.png
[INFO] Run 41/100
[DEBUG] Pre-valve encoder raw (run 41): 427.412 deg
[INFO] Captured encoder zero for run 41: 427.412 deg (offset from pre-valve: 0.000 deg)
[DEBUG] Trajectory params: {'q0': -0.0, 'q_limit': (0.0, 100.0), 'q_range': (-10.0, 30.0), 'low': -10.0, 'high': 30.0, 'update_q_delta': (0.0, 30.0), 't_range_pass': (2.0, 4.0)}
[INFO] CSV saved: data/myrobot/hirai/csv/20250831/step/slow/motion_data_040.csv
[INFO] Plot saved: data/myrobot/hirai/csv/20250831/step/slow/motion_data_040.png
[INFO] Plot saved: data/myrobot/hirai/graph/20250831/step/slow/motion_data_040.png
[INFO] Run 42/100
[DEBUG] Pre-valve encoder raw (run 42): 434.443 deg
[INFO] Captured encoder zero for run 42: 434.531 deg (offset from pre-valve: 0.088 deg)
[DEBUG] Trajectory params: {'q0': -0.0, 'q_limit': (0.0, 100.0), 'q_range': (-10.0, 30.0), 'low': -10.0, 'high': 30.0, 'update_q_delta': (0.0, 30.0), 't_range_pass': (2.0, 4.0)}
[INFO] CSV saved: data/myrobot/hirai/csv/20250831/step/slow/motion_data_041.csv
[INFO] Plot saved: data/myrobot/hirai/csv/20250831/step/slow/motion_data_041.png
[INFO] Plot saved: data/myrobot/hirai/graph/20250831/step/slow/motion_data_041.png
[INFO] Run 43/100
[DEBUG] Pre-valve encoder raw (run 43): 437.520 deg
[INFO] Captured encoder zero for run 43: 437.520 deg (offset from pre-valve: 0.000 deg)
[DEBUG] Trajectory params: {'q0': -0.0, 'q_limit': (0.0, 100.0), 'q_range': (-10.0, 30.0), 'low': -10.0, 'high': 30.0, 'update_q_delta': (0.0, 30.0), 't_range_pass': (2.0, 4.0)}
[INFO] CSV saved: data/myrobot/hirai/csv/20250831/step/slow/motion_data_042.csv
[INFO] Plot saved: data/myrobot/hirai/csv/20250831/step/slow/motion_data_042.png
[INFO] Plot saved: data/myrobot/hirai/graph/20250831/step/slow/motion_data_042.png
[INFO] Run 44/100
[DEBUG] Pre-valve encoder raw (run 44): 449.561 deg
[INFO] Captured encoder zero for run 44: 449.561 deg (offset from pre-valve: 0.000 deg)
[DEBUG] Trajectory params: {'q0': -0.0, 'q_limit': (0.0, 100.0), 'q_range': (-10.0, 30.0), 'low': -10.0, 'high': 30.0, 'update_q_delta': (0.0, 30.0), 't_range_pass': (2.0, 4.0)}
[INFO] CSV saved: data/myrobot/hirai/csv/20250831/step/slow/motion_data_043.csv
[INFO] Plot saved: data/myrobot/hirai/csv/20250831/step/slow/motion_data_043.png
[INFO] Plot saved: data/myrobot/hirai/graph/20250831/step/slow/motion_data_043.png
[INFO] Run 45/100
[DEBUG] Pre-valve encoder raw (run 45): 458.965 deg
[INFO] Captured encoder zero for run 45: 459.053 deg (offset from pre-valve: 0.088 deg)
[DEBUG] Trajectory params: {'q0': -0.0, 'q_limit': (0.0, 100.0), 'q_range': (-10.0, 30.0), 'low': -10.0, 'high': 30.0, 'update_q_delta': (0.0, 30.0), 't_range_pass': (2.0, 4.0)}
[INFO] CSV saved: data/myrobot/hirai/csv/20250831/step/slow/motion_data_044.csv
[INFO] Plot saved: data/myrobot/hirai/csv/20250831/step/slow/motion_data_044.png
[INFO] Plot saved: data/myrobot/hirai/graph/20250831/step/slow/motion_data_044.png
[INFO] Run 46/100
[DEBUG] Pre-valve encoder raw (run 46): 485.684 deg
[INFO] Captured encoder zero for run 46: 485.684 deg (offset from pre-valve: 0.000 deg)
[DEBUG] Trajectory params: {'q0': -0.0, 'q_limit': (0.0, 100.0), 'q_range': (-10.0, 30.0), 'low': -10.0, 'high': 30.0, 'update_q_delta': (0.0, 30.0), 't_range_pass': (2.0, 4.0)}
[INFO] CSV saved: data/myrobot/hirai/csv/20250831/step/slow/motion_data_045.csv
[INFO] Plot saved: data/myrobot/hirai/csv/20250831/step/slow/motion_data_045.png
[INFO] Plot saved: data/myrobot/hirai/graph/20250831/step/slow/motion_data_045.png
[INFO] Run 47/100
[DEBUG] Pre-valve encoder raw (run 47): 493.594 deg
[INFO] Captured encoder zero for run 47: 493.594 deg (offset from pre-valve: 0.000 deg)
[DEBUG] Trajectory params: {'q0': -0.0, 'q_limit': (0.0, 100.0), 'q_range': (-10.0, 30.0), 'low': -10.0, 'high': 30.0, 'update_q_delta': (0.0, 30.0), 't_range_pass': (2.0, 4.0)}
[INFO] CSV saved: data/myrobot/hirai/csv/20250831/step/slow/motion_data_046.csv
[INFO] Plot saved: data/myrobot/hirai/csv/20250831/step/slow/motion_data_046.png
[INFO] Plot saved: data/myrobot/hirai/graph/20250831/step/slow/motion_data_046.png
[INFO] Run 48/100
[DEBUG] Pre-valve encoder raw (run 48): 487.178 deg
[INFO] Captured encoder zero for run 48: 487.178 deg (offset from pre-valve: 0.000 deg)
[DEBUG] Trajectory params: {'q0': -0.0, 'q_limit': (0.0, 100.0), 'q_range': (-10.0, 30.0), 'low': -10.0, 'high': 30.0, 'update_q_delta': (0.0, 30.0), 't_range_pass': (2.0, 4.0)}
[INFO] CSV saved: data/myrobot/hirai/csv/20250831/step/slow/motion_data_047.csv
[INFO] Plot saved: data/myrobot/hirai/csv/20250831/step/slow/motion_data_047.png
[INFO] Plot saved: data/myrobot/hirai/graph/20250831/step/slow/motion_data_047.png
[INFO] Run 49/100
[DEBUG] Pre-valve encoder raw (run 49): 484.277 deg
[INFO] Captured encoder zero for run 49: 484.277 deg (offset from pre-valve: 0.000 deg)
[DEBUG] Trajectory params: {'q0': -0.0, 'q_limit': (0.0, 100.0), 'q_range': (-10.0, 30.0), 'low': -10.0, 'high': 30.0, 'update_q_delta': (0.0, 30.0), 't_range_pass': (2.0, 4.0)}
[INFO] CSV saved: data/myrobot/hirai/csv/20250831/step/slow/motion_data_048.csv
[INFO] Plot saved: data/myrobot/hirai/csv/20250831/step/slow/motion_data_048.png
[INFO] Plot saved: data/myrobot/hirai/graph/20250831/step/slow/motion_data_048.png
[INFO] Run 50/100
[DEBUG] Pre-valve encoder raw (run 50): 488.408 deg
[INFO] Captured encoder zero for run 50: 488.320 deg (offset from pre-valve: -0.088 deg)
[DEBUG] Trajectory params: {'q0': -0.0, 'q_limit': (0.0, 100.0), 'q_range': (-10.0, 30.0), 'low': -10.0, 'high': 30.0, 'update_q_delta': (0.0, 30.0), 't_range_pass': (2.0, 4.0)}
[INFO] CSV saved: data/myrobot/hirai/csv/20250831/step/slow/motion_data_049.csv
[INFO] Plot saved: data/myrobot/hirai/csv/20250831/step/slow/motion_data_049.png
[INFO] Plot saved: data/myrobot/hirai/graph/20250831/step/slow/motion_data_049.png
[INFO] Run 51/100
[DEBUG] Pre-valve encoder raw (run 51): 478.740 deg
[INFO] Captured encoder zero for run 51: 478.652 deg (offset from pre-valve: -0.088 deg)
[DEBUG] Trajectory params: {'q0': -0.0, 'q_limit': (0.0, 100.0), 'q_range': (-10.0, 30.0), 'low': -10.0, 'high': 30.0, 'update_q_delta': (0.0, 30.0), 't_range_pass': (2.0, 4.0)}
[INFO] CSV saved: data/myrobot/hirai/csv/20250831/step/slow/motion_data_050.csv
[INFO] Plot saved: data/myrobot/hirai/csv/20250831/step/slow/motion_data_050.png
[INFO] Plot saved: data/myrobot/hirai/graph/20250831/step/slow/motion_data_050.png
[INFO] Run 52/100
[DEBUG] Pre-valve encoder raw (run 52): 475.137 deg
[INFO] Captured encoder zero for run 52: 475.137 deg (offset from pre-valve: 0.000 deg)
[DEBUG] Trajectory params: {'q0': -0.0, 'q_limit': (0.0, 100.0), 'q_range': (-10.0, 30.0), 'low': -10.0, 'high': 30.0, 'update_q_delta': (0.0, 30.0), 't_range_pass': (2.0, 4.0)}
[INFO] CSV saved: data/myrobot/hirai/csv/20250831/step/slow/motion_data_051.csv
[INFO] Plot saved: data/myrobot/hirai/csv/20250831/step/slow/motion_data_051.png
[INFO] Plot saved: data/myrobot/hirai/graph/20250831/step/slow/motion_data_051.png
[INFO] Run 53/100
[DEBUG] Pre-valve encoder raw (run 53): 477.158 deg
[INFO] Captured encoder zero for run 53: 477.246 deg (offset from pre-valve: 0.088 deg)
[DEBUG] Trajectory params: {'q0': -0.0, 'q_limit': (0.0, 100.0), 'q_range': (-10.0, 30.0), 'low': -10.0, 'high': 30.0, 'update_q_delta': (0.0, 30.0), 't_range_pass': (2.0, 4.0)}
[INFO] CSV saved: data/myrobot/hirai/csv/20250831/step/slow/motion_data_052.csv
[INFO] Plot saved: data/myrobot/hirai/csv/20250831/step/slow/motion_data_052.png
[INFO] Plot saved: data/myrobot/hirai/graph/20250831/step/slow/motion_data_052.png
[INFO] Run 54/100
[DEBUG] Pre-valve encoder raw (run 54): 497.812 deg
[INFO] Captured encoder zero for run 54: 497.725 deg (offset from pre-valve: -0.088 deg)
[DEBUG] Trajectory params: {'q0': -0.0, 'q_limit': (0.0, 100.0), 'q_range': (-10.0, 30.0), 'low': -10.0, 'high': 30.0, 'update_q_delta': (0.0, 30.0), 't_range_pass': (2.0, 4.0)}
[INFO] CSV saved: data/myrobot/hirai/csv/20250831/step/slow/motion_data_053.csv
[INFO] Plot saved: data/myrobot/hirai/csv/20250831/step/slow/motion_data_053.png
[INFO] Plot saved: data/myrobot/hirai/graph/20250831/step/slow/motion_data_053.png
[INFO] Run 55/100
[DEBUG] Pre-valve encoder raw (run 55): 496.670 deg
[INFO] Captured encoder zero for run 55: 496.670 deg (offset from pre-valve: 0.000 deg)
[DEBUG] Trajectory params: {'q0': -0.0, 'q_limit': (0.0, 100.0), 'q_range': (-10.0, 30.0), 'low': -10.0, 'high': 30.0, 'update_q_delta': (0.0, 30.0), 't_range_pass': (2.0, 4.0)}
[INFO] CSV saved: data/myrobot/hirai/csv/20250831/step/slow/motion_data_054.csv
[INFO] Plot saved: data/myrobot/hirai/csv/20250831/step/slow/motion_data_054.png
[INFO] Plot saved: data/myrobot/hirai/graph/20250831/step/slow/motion_data_054.png
[INFO] Run 56/100
[DEBUG] Pre-valve encoder raw (run 56): 504.844 deg
[INFO] Captured encoder zero for run 56: 504.932 deg (offset from pre-valve: 0.088 deg)
[DEBUG] Trajectory params: {'q0': -0.0, 'q_limit': (0.0, 100.0), 'q_range': (-10.0, 30.0), 'low': -10.0, 'high': 30.0, 'update_q_delta': (0.0, 30.0), 't_range_pass': (2.0, 4.0)}
[INFO] CSV saved: data/myrobot/hirai/csv/20250831/step/slow/motion_data_055.csv
[INFO] Plot saved: data/myrobot/hirai/csv/20250831/step/slow/motion_data_055.png
[INFO] Plot saved: data/myrobot/hirai/graph/20250831/step/slow/motion_data_055.png
[INFO] Run 57/100
[DEBUG] Pre-valve encoder raw (run 57): 524.883 deg
[INFO] Captured encoder zero for run 57: 524.795 deg (offset from pre-valve: -0.088 deg)
[DEBUG] Trajectory params: {'q0': -0.0, 'q_limit': (0.0, 100.0), 'q_range': (-10.0, 30.0), 'low': -10.0, 'high': 30.0, 'update_q_delta': (0.0, 30.0), 't_range_pass': (2.0, 4.0)}
[INFO] CSV saved: data/myrobot/hirai/csv/20250831/step/slow/motion_data_056.csv
[INFO] Plot saved: data/myrobot/hirai/csv/20250831/step/slow/motion_data_056.png
[INFO] Plot saved: data/myrobot/hirai/graph/20250831/step/slow/motion_data_056.png
[INFO] Run 58/100
[DEBUG] Pre-valve encoder raw (run 58): 535.342 deg
[INFO] Captured encoder zero for run 58: 535.342 deg (offset from pre-valve: 0.000 deg)
[DEBUG] Trajectory params: {'q0': -0.0, 'q_limit': (0.0, 100.0), 'q_range': (-10.0, 30.0), 'low': -10.0, 'high': 30.0, 'update_q_delta': (0.0, 30.0), 't_range_pass': (2.0, 4.0)}
[INFO] CSV saved: data/myrobot/hirai/csv/20250831/step/slow/motion_data_057.csv
[INFO] Plot saved: data/myrobot/hirai/csv/20250831/step/slow/motion_data_057.png
[INFO] Plot saved: data/myrobot/hirai/graph/20250831/step/slow/motion_data_057.png
[INFO] Run 59/100
[DEBUG] Pre-valve encoder raw (run 59): 551.777 deg
[INFO] Captured encoder zero for run 59: 551.777 deg (offset from pre-valve: 0.000 deg)
[DEBUG] Trajectory params: {'q0': -0.0, 'q_limit': (0.0, 100.0), 'q_range': (-10.0, 30.0), 'low': -10.0, 'high': 30.0, 'update_q_delta': (0.0, 30.0), 't_range_pass': (2.0, 4.0)}
[INFO] CSV saved: data/myrobot/hirai/csv/20250831/step/slow/motion_data_058.csv
[INFO] Plot saved: data/myrobot/hirai/csv/20250831/step/slow/motion_data_058.png
[INFO] Plot saved: data/myrobot/hirai/graph/20250831/step/slow/motion_data_058.png
[INFO] Run 60/100
[DEBUG] Pre-valve encoder raw (run 60): 579.023 deg
[INFO] Captured encoder zero for run 60: 579.023 deg (offset from pre-valve: 0.000 deg)
[DEBUG] Trajectory params: {'q0': -0.0, 'q_limit': (0.0, 100.0), 'q_range': (-10.0, 30.0), 'low': -10.0, 'high': 30.0, 'update_q_delta': (0.0, 30.0), 't_range_pass': (2.0, 4.0)}
[INFO] CSV saved: data/myrobot/hirai/csv/20250831/step/slow/motion_data_059.csv
[INFO] Plot saved: data/myrobot/hirai/csv/20250831/step/slow/motion_data_059.png
[INFO] Plot saved: data/myrobot/hirai/graph/20250831/step/slow/motion_data_059.png
[INFO] Run 61/100
[DEBUG] Pre-valve encoder raw (run 61): 596.777 deg
[INFO] Captured encoder zero for run 61: 596.777 deg (offset from pre-valve: 0.000 deg)
[DEBUG] Trajectory params: {'q0': -0.0, 'q_limit': (0.0, 100.0), 'q_range': (-10.0, 30.0), 'low': -10.0, 'high': 30.0, 'update_q_delta': (0.0, 30.0), 't_range_pass': (2.0, 4.0)}
[INFO] CSV saved: data/myrobot/hirai/csv/20250831/step/slow/motion_data_060.csv
[INFO] Plot saved: data/myrobot/hirai/csv/20250831/step/slow/motion_data_060.png
[INFO] Plot saved: data/myrobot/hirai/graph/20250831/step/slow/motion_data_060.png
[INFO] Run 62/100
[DEBUG] Pre-valve encoder raw (run 62): 606.357 deg
[INFO] Captured encoder zero for run 62: 606.445 deg (offset from pre-valve: 0.088 deg)
[DEBUG] Trajectory params: {'q0': -0.0, 'q_limit': (0.0, 100.0), 'q_range': (-10.0, 30.0), 'low': -10.0, 'high': 30.0, 'update_q_delta': (0.0, 30.0), 't_range_pass': (2.0, 4.0)}
[INFO] CSV saved: data/myrobot/hirai/csv/20250831/step/slow/motion_data_061.csv
[INFO] Plot saved: data/myrobot/hirai/csv/20250831/step/slow/motion_data_061.png
[INFO] Plot saved: data/myrobot/hirai/graph/20250831/step/slow/motion_data_061.png
[INFO] Run 63/100
[DEBUG] Pre-valve encoder raw (run 63): 625.869 deg
[INFO] Captured encoder zero for run 63: 625.957 deg (offset from pre-valve: 0.088 deg)
[DEBUG] Trajectory params: {'q0': -0.0, 'q_limit': (0.0, 100.0), 'q_range': (-10.0, 30.0), 'low': -10.0, 'high': 30.0, 'update_q_delta': (0.0, 30.0), 't_range_pass': (2.0, 4.0)}
[INFO] CSV saved: data/myrobot/hirai/csv/20250831/step/slow/motion_data_062.csv
[INFO] Plot saved: data/myrobot/hirai/csv/20250831/step/slow/motion_data_062.png
[INFO] Plot saved: data/myrobot/hirai/graph/20250831/step/slow/motion_data_062.png
[INFO] Run 64/100
[DEBUG] Pre-valve encoder raw (run 64): 630.791 deg
[INFO] Captured encoder zero for run 64: 630.791 deg (offset from pre-valve: 0.000 deg)
[DEBUG] Trajectory params: {'q0': -0.0, 'q_limit': (0.0, 100.0), 'q_range': (-10.0, 30.0), 'low': -10.0, 'high': 30.0, 'update_q_delta': (0.0, 30.0), 't_range_pass': (2.0, 4.0)}
[INFO] CSV saved: data/myrobot/hirai/csv/20250831/step/slow/motion_data_063.csv
[INFO] Plot saved: data/myrobot/hirai/csv/20250831/step/slow/motion_data_063.png
[INFO] Plot saved: data/myrobot/hirai/graph/20250831/step/slow/motion_data_063.png
[INFO] Run 65/100
[DEBUG] Pre-valve encoder raw (run 65): 624.814 deg
[INFO] Captured encoder zero for run 65: 624.727 deg (offset from pre-valve: -0.088 deg)
[DEBUG] Trajectory params: {'q0': -0.0, 'q_limit': (0.0, 100.0), 'q_range': (-10.0, 30.0), 'low': -10.0, 'high': 30.0, 'update_q_delta': (0.0, 30.0), 't_range_pass': (2.0, 4.0)}
[INFO] CSV saved: data/myrobot/hirai/csv/20250831/step/slow/motion_data_064.csv
[INFO] Plot saved: data/myrobot/hirai/csv/20250831/step/slow/motion_data_064.png
[INFO] Plot saved: data/myrobot/hirai/graph/20250831/step/slow/motion_data_064.png
[INFO] Run 66/100
[DEBUG] Pre-valve encoder raw (run 66): 617.432 deg
[INFO] Captured encoder zero for run 66: 617.432 deg (offset from pre-valve: 0.000 deg)
[DEBUG] Trajectory params: {'q0': -0.0, 'q_limit': (0.0, 100.0), 'q_range': (-10.0, 30.0), 'low': -10.0, 'high': 30.0, 'update_q_delta': (0.0, 30.0), 't_range_pass': (2.0, 4.0)}
[INFO] CSV saved: data/myrobot/hirai/csv/20250831/step/slow/motion_data_065.csv
[INFO] Plot saved: data/myrobot/hirai/csv/20250831/step/slow/motion_data_065.png
[INFO] Plot saved: data/myrobot/hirai/graph/20250831/step/slow/motion_data_065.png
[INFO] Run 67/100
[DEBUG] Pre-valve encoder raw (run 67): 639.580 deg
[INFO] Captured encoder zero for run 67: 639.668 deg (offset from pre-valve: 0.088 deg)
[DEBUG] Trajectory params: {'q0': -0.0, 'q_limit': (0.0, 100.0), 'q_range': (-10.0, 30.0), 'low': -10.0, 'high': 30.0, 'update_q_delta': (0.0, 30.0), 't_range_pass': (2.0, 4.0)}
[INFO] CSV saved: data/myrobot/hirai/csv/20250831/step/slow/motion_data_066.csv
[INFO] Plot saved: data/myrobot/hirai/csv/20250831/step/slow/motion_data_066.png
[INFO] Plot saved: data/myrobot/hirai/graph/20250831/step/slow/motion_data_066.png
[INFO] Run 68/100
[DEBUG] Pre-valve encoder raw (run 68): 653.027 deg
[INFO] Captured encoder zero for run 68: 653.027 deg (offset from pre-valve: 0.000 deg)
[DEBUG] Trajectory params: {'q0': -0.0, 'q_limit': (0.0, 100.0), 'q_range': (-10.0, 30.0), 'low': -10.0, 'high': 30.0, 'update_q_delta': (0.0, 30.0), 't_range_pass': (2.0, 4.0)}
[INFO] CSV saved: data/myrobot/hirai/csv/20250831/step/slow/motion_data_067.csv
[INFO] Plot saved: data/myrobot/hirai/csv/20250831/step/slow/motion_data_067.png
[INFO] Plot saved: data/myrobot/hirai/graph/20250831/step/slow/motion_data_067.png
[INFO] Run 69/100
[DEBUG] Pre-valve encoder raw (run 69): 645.117 deg
[INFO] Captured encoder zero for run 69: 645.205 deg (offset from pre-valve: 0.088 deg)
[DEBUG] Trajectory params: {'q0': -0.0, 'q_limit': (0.0, 100.0), 'q_range': (-10.0, 30.0), 'low': -10.0, 'high': 30.0, 'update_q_delta': (0.0, 30.0), 't_range_pass': (2.0, 4.0)}
[INFO] CSV saved: data/myrobot/hirai/csv/20250831/step/slow/motion_data_068.csv
[INFO] Plot saved: data/myrobot/hirai/csv/20250831/step/slow/motion_data_068.png
[INFO] Plot saved: data/myrobot/hirai/graph/20250831/step/slow/motion_data_068.png
[INFO] Run 70/100
[DEBUG] Pre-valve encoder raw (run 70): 635.625 deg
[INFO] Captured encoder zero for run 70: 635.537 deg (offset from pre-valve: -0.088 deg)
[DEBUG] Trajectory params: {'q0': -0.0, 'q_limit': (0.0, 100.0), 'q_range': (-10.0, 30.0), 'low': -10.0, 'high': 30.0, 'update_q_delta': (0.0, 30.0), 't_range_pass': (2.0, 4.0)}
[INFO] CSV saved: data/myrobot/hirai/csv/20250831/step/slow/motion_data_069.csv
[INFO] Plot saved: data/myrobot/hirai/csv/20250831/step/slow/motion_data_069.png
[INFO] Plot saved: data/myrobot/hirai/graph/20250831/step/slow/motion_data_069.png
[INFO] Run 71/100
[DEBUG] Pre-valve encoder raw (run 71): 656.367 deg
[INFO] Captured encoder zero for run 71: 656.455 deg (offset from pre-valve: 0.088 deg)
[DEBUG] Trajectory params: {'q0': -0.0, 'q_limit': (0.0, 100.0), 'q_range': (-10.0, 30.0), 'low': -10.0, 'high': 30.0, 'update_q_delta': (0.0, 30.0), 't_range_pass': (2.0, 4.0)}
[INFO] CSV saved: data/myrobot/hirai/csv/20250831/step/slow/motion_data_070.csv
[INFO] Plot saved: data/myrobot/hirai/csv/20250831/step/slow/motion_data_070.png
[INFO] Plot saved: data/myrobot/hirai/graph/20250831/step/slow/motion_data_070.png
[INFO] Run 72/100
[DEBUG] Pre-valve encoder raw (run 72): 678.340 deg
[INFO] Captured encoder zero for run 72: 678.252 deg (offset from pre-valve: -0.088 deg)
[DEBUG] Trajectory params: {'q0': -0.0, 'q_limit': (0.0, 100.0), 'q_range': (-10.0, 30.0), 'low': -10.0, 'high': 30.0, 'update_q_delta': (0.0, 30.0), 't_range_pass': (2.0, 4.0)}
[INFO] CSV saved: data/myrobot/hirai/csv/20250831/step/slow/motion_data_071.csv
[INFO] Plot saved: data/myrobot/hirai/csv/20250831/step/slow/motion_data_071.png
[INFO] Plot saved: data/myrobot/hirai/graph/20250831/step/slow/motion_data_071.png
[INFO] Run 73/100
[DEBUG] Pre-valve encoder raw (run 73): 708.311 deg
[INFO] Captured encoder zero for run 73: 708.398 deg (offset from pre-valve: 0.088 deg)
[DEBUG] Trajectory params: {'q0': -0.0, 'q_limit': (0.0, 100.0), 'q_range': (-10.0, 30.0), 'low': -10.0, 'high': 30.0, 'update_q_delta': (0.0, 30.0), 't_range_pass': (2.0, 4.0)}
[INFO] CSV saved: data/myrobot/hirai/csv/20250831/step/slow/motion_data_072.csv
[INFO] Plot saved: data/myrobot/hirai/csv/20250831/step/slow/motion_data_072.png
[INFO] Plot saved: data/myrobot/hirai/graph/20250831/step/slow/motion_data_072.png
[INFO] Run 74/100
[DEBUG] Pre-valve encoder raw (run 74): 716.660 deg
[INFO] Captured encoder zero for run 74: 716.748 deg (offset from pre-valve: 0.088 deg)
[DEBUG] Trajectory params: {'q0': -0.0, 'q_limit': (0.0, 100.0), 'q_range': (-10.0, 30.0), 'low': -10.0, 'high': 30.0, 'update_q_delta': (0.0, 30.0), 't_range_pass': (2.0, 4.0)}
[INFO] CSV saved: data/myrobot/hirai/csv/20250831/step/slow/motion_data_073.csv
[INFO] Plot saved: data/myrobot/hirai/csv/20250831/step/slow/motion_data_073.png
[INFO] Plot saved: data/myrobot/hirai/graph/20250831/step/slow/motion_data_073.png
[INFO] Run 75/100
[DEBUG] Pre-valve encoder raw (run 75): 715.957 deg
[INFO] Captured encoder zero for run 75: 715.957 deg (offset from pre-valve: 0.000 deg)
[DEBUG] Trajectory params: {'q0': -0.0, 'q_limit': (0.0, 100.0), 'q_range': (-10.0, 30.0), 'low': -10.0, 'high': 30.0, 'update_q_delta': (0.0, 30.0), 't_range_pass': (2.0, 4.0)}
[INFO] CSV saved: data/myrobot/hirai/csv/20250831/step/slow/motion_data_074.csv
[INFO] Plot saved: data/myrobot/hirai/csv/20250831/step/slow/motion_data_074.png
[INFO] Plot saved: data/myrobot/hirai/graph/20250831/step/slow/motion_data_074.png
[INFO] Run 76/100
[DEBUG] Pre-valve encoder raw (run 76): 722.021 deg
[INFO] Captured encoder zero for run 76: 722.021 deg (offset from pre-valve: 0.000 deg)
[DEBUG] Trajectory params: {'q0': -0.0, 'q_limit': (0.0, 100.0), 'q_range': (-10.0, 30.0), 'low': -10.0, 'high': 30.0, 'update_q_delta': (0.0, 30.0), 't_range_pass': (2.0, 4.0)}
[INFO] CSV saved: data/myrobot/hirai/csv/20250831/step/slow/motion_data_075.csv
[INFO] Plot saved: data/myrobot/hirai/csv/20250831/step/slow/motion_data_075.png
[INFO] Plot saved: data/myrobot/hirai/graph/20250831/step/slow/motion_data_075.png
[INFO] Run 77/100
[DEBUG] Pre-valve encoder raw (run 77): 746.279 deg
[INFO] Captured encoder zero for run 77: 746.279 deg (offset from pre-valve: 0.000 deg)
[DEBUG] Trajectory params: {'q0': -0.0, 'q_limit': (0.0, 100.0), 'q_range': (-10.0, 30.0), 'low': -10.0, 'high': 30.0, 'update_q_delta': (0.0, 30.0), 't_range_pass': (2.0, 4.0)}
[INFO] CSV saved: data/myrobot/hirai/csv/20250831/step/slow/motion_data_076.csv
[INFO] Plot saved: data/myrobot/hirai/csv/20250831/step/slow/motion_data_076.png
[INFO] Plot saved: data/myrobot/hirai/graph/20250831/step/slow/motion_data_076.png
[INFO] Run 78/100
[DEBUG] Pre-valve encoder raw (run 78): 776.250 deg
[INFO] Captured encoder zero for run 78: 776.250 deg (offset from pre-valve: 0.000 deg)
[DEBUG] Trajectory params: {'q0': -0.0, 'q_limit': (0.0, 100.0), 'q_range': (-10.0, 30.0), 'low': -10.0, 'high': 30.0, 'update_q_delta': (0.0, 30.0), 't_range_pass': (2.0, 4.0)}
[INFO] CSV saved: data/myrobot/hirai/csv/20250831/step/slow/motion_data_077.csv
[INFO] Plot saved: data/myrobot/hirai/csv/20250831/step/slow/motion_data_077.png
[INFO] Plot saved: data/myrobot/hirai/graph/20250831/step/slow/motion_data_077.png
[INFO] Run 79/100
[DEBUG] Pre-valve encoder raw (run 79): 803.145 deg
[INFO] Captured encoder zero for run 79: 803.145 deg (offset from pre-valve: 0.000 deg)
[DEBUG] Trajectory params: {'q0': -0.0, 'q_limit': (0.0, 100.0), 'q_range': (-10.0, 30.0), 'low': -10.0, 'high': 30.0, 'update_q_delta': (0.0, 30.0), 't_range_pass': (2.0, 4.0)}
[INFO] CSV saved: data/myrobot/hirai/csv/20250831/step/slow/motion_data_078.csv
[INFO] Plot saved: data/myrobot/hirai/csv/20250831/step/slow/motion_data_078.png
[INFO] Plot saved: data/myrobot/hirai/graph/20250831/step/slow/motion_data_078.png
[INFO] Run 80/100
[DEBUG] Pre-valve encoder raw (run 80): 804.111 deg
[INFO] Captured encoder zero for run 80: 804.111 deg (offset from pre-valve: 0.000 deg)
[DEBUG] Trajectory params: {'q0': -0.0, 'q_limit': (0.0, 100.0), 'q_range': (-10.0, 30.0), 'low': -10.0, 'high': 30.0, 'update_q_delta': (0.0, 30.0), 't_range_pass': (2.0, 4.0)}
[INFO] CSV saved: data/myrobot/hirai/csv/20250831/step/slow/motion_data_079.csv
[INFO] Plot saved: data/myrobot/hirai/csv/20250831/step/slow/motion_data_079.png
[INFO] Plot saved: data/myrobot/hirai/graph/20250831/step/slow/motion_data_079.png
[INFO] Run 81/100
[DEBUG] Pre-valve encoder raw (run 81): 815.625 deg
[INFO] Captured encoder zero for run 81: 815.537 deg (offset from pre-valve: -0.088 deg)
[DEBUG] Trajectory params: {'q0': -0.0, 'q_limit': (0.0, 100.0), 'q_range': (-10.0, 30.0), 'low': -10.0, 'high': 30.0, 'update_q_delta': (0.0, 30.0), 't_range_pass': (2.0, 4.0)}
[INFO] CSV saved: data/myrobot/hirai/csv/20250831/step/slow/motion_data_080.csv
[INFO] Plot saved: data/myrobot/hirai/csv/20250831/step/slow/motion_data_080.png
[INFO] Plot saved: data/myrobot/hirai/graph/20250831/step/slow/motion_data_080.png
[INFO] Run 82/100
[DEBUG] Pre-valve encoder raw (run 82): 809.209 deg
[INFO] Captured encoder zero for run 82: 809.209 deg (offset from pre-valve: 0.000 deg)
[DEBUG] Trajectory params: {'q0': -0.0, 'q_limit': (0.0, 100.0), 'q_range': (-10.0, 30.0), 'low': -10.0, 'high': 30.0, 'update_q_delta': (0.0, 30.0), 't_range_pass': (2.0, 4.0)}
[INFO] CSV saved: data/myrobot/hirai/csv/20250831/step/slow/motion_data_081.csv
[INFO] Plot saved: data/myrobot/hirai/csv/20250831/step/slow/motion_data_081.png
[INFO] Plot saved: data/myrobot/hirai/graph/20250831/step/slow/motion_data_081.png
[INFO] Run 83/100
[DEBUG] Pre-valve encoder raw (run 83): 829.072 deg
[INFO] Captured encoder zero for run 83: 829.160 deg (offset from pre-valve: 0.088 deg)
[DEBUG] Trajectory params: {'q0': -0.0, 'q_limit': (0.0, 100.0), 'q_range': (-10.0, 30.0), 'low': -10.0, 'high': 30.0, 'update_q_delta': (0.0, 30.0), 't_range_pass': (2.0, 4.0)}
[INFO] CSV saved: data/myrobot/hirai/csv/20250831/step/slow/motion_data_082.csv
[INFO] Plot saved: data/myrobot/hirai/csv/20250831/step/slow/motion_data_082.png
[INFO] Plot saved: data/myrobot/hirai/graph/20250831/step/slow/motion_data_082.png
[INFO] Run 84/100
[DEBUG] Pre-valve encoder raw (run 84): 857.461 deg
[INFO] Captured encoder zero for run 84: 857.549 deg (offset from pre-valve: 0.088 deg)
[DEBUG] Trajectory params: {'q0': -0.0, 'q_limit': (0.0, 100.0), 'q_range': (-10.0, 30.0), 'low': -10.0, 'high': 30.0, 'update_q_delta': (0.0, 30.0), 't_range_pass': (2.0, 4.0)}
[INFO] CSV saved: data/myrobot/hirai/csv/20250831/step/slow/motion_data_083.csv
[INFO] Plot saved: data/myrobot/hirai/csv/20250831/step/slow/motion_data_083.png
[INFO] Plot saved: data/myrobot/hirai/graph/20250831/step/slow/motion_data_083.png
[INFO] Run 85/100
[DEBUG] Pre-valve encoder raw (run 85): 844.629 deg
[INFO] Captured encoder zero for run 85: 844.629 deg (offset from pre-valve: 0.000 deg)
[DEBUG] Trajectory params: {'q0': -0.0, 'q_limit': (0.0, 100.0), 'q_range': (-10.0, 30.0), 'low': -10.0, 'high': 30.0, 'update_q_delta': (0.0, 30.0), 't_range_pass': (2.0, 4.0)}
[INFO] CSV saved: data/myrobot/hirai/csv/20250831/step/slow/motion_data_084.csv
[INFO] Plot saved: data/myrobot/hirai/csv/20250831/step/slow/motion_data_084.png
[INFO] Plot saved: data/myrobot/hirai/graph/20250831/step/slow/motion_data_084.png
[INFO] Run 86/100
[DEBUG] Pre-valve encoder raw (run 86): 837.686 deg
[INFO] Captured encoder zero for run 86: 837.598 deg (offset from pre-valve: -0.088 deg)
[DEBUG] Trajectory params: {'q0': -0.0, 'q_limit': (0.0, 100.0), 'q_range': (-10.0, 30.0), 'low': -10.0, 'high': 30.0, 'update_q_delta': (0.0, 30.0), 't_range_pass': (2.0, 4.0)}
[INFO] CSV saved: data/myrobot/hirai/csv/20250831/step/slow/motion_data_085.csv
[INFO] Plot saved: data/myrobot/hirai/csv/20250831/step/slow/motion_data_085.png
[INFO] Plot saved: data/myrobot/hirai/graph/20250831/step/slow/motion_data_085.png
[INFO] Run 87/100
[DEBUG] Pre-valve encoder raw (run 87): 863.438 deg
[INFO] Captured encoder zero for run 87: 863.350 deg (offset from pre-valve: -0.088 deg)
[DEBUG] Trajectory params: {'q0': -0.0, 'q_limit': (0.0, 100.0), 'q_range': (-10.0, 30.0), 'low': -10.0, 'high': 30.0, 'update_q_delta': (0.0, 30.0), 't_range_pass': (2.0, 4.0)}
[INFO] CSV saved: data/myrobot/hirai/csv/20250831/step/slow/motion_data_086.csv
[INFO] Plot saved: data/myrobot/hirai/csv/20250831/step/slow/motion_data_086.png
[INFO] Plot saved: data/myrobot/hirai/graph/20250831/step/slow/motion_data_086.png
[INFO] Run 88/100
[DEBUG] Pre-valve encoder raw (run 88): 861.504 deg
[INFO] Captured encoder zero for run 88: 861.592 deg (offset from pre-valve: 0.088 deg)
[DEBUG] Trajectory params: {'q0': -0.0, 'q_limit': (0.0, 100.0), 'q_range': (-10.0, 30.0), 'low': -10.0, 'high': 30.0, 'update_q_delta': (0.0, 30.0), 't_range_pass': (2.0, 4.0)}
[INFO] CSV saved: data/myrobot/hirai/csv/20250831/step/slow/motion_data_087.csv
[INFO] Plot saved: data/myrobot/hirai/csv/20250831/step/slow/motion_data_087.png
[INFO] Plot saved: data/myrobot/hirai/graph/20250831/step/slow/motion_data_087.png
[INFO] Run 89/100
[DEBUG] Pre-valve encoder raw (run 89): 891.299 deg
[INFO] Captured encoder zero for run 89: 891.299 deg (offset from pre-valve: 0.000 deg)
[DEBUG] Trajectory params: {'q0': -0.0, 'q_limit': (0.0, 100.0), 'q_range': (-10.0, 30.0), 'low': -10.0, 'high': 30.0, 'update_q_delta': (0.0, 30.0), 't_range_pass': (2.0, 4.0)}
[INFO] CSV saved: data/myrobot/hirai/csv/20250831/step/slow/motion_data_088.csv
[INFO] Plot saved: data/myrobot/hirai/csv/20250831/step/slow/motion_data_088.png
[INFO] Plot saved: data/myrobot/hirai/graph/20250831/step/slow/motion_data_088.png
[INFO] Run 90/100
[DEBUG] Pre-valve encoder raw (run 90): 884.092 deg
[INFO] Captured encoder zero for run 90: 884.180 deg (offset from pre-valve: 0.088 deg)
[DEBUG] Trajectory params: {'q0': -0.0, 'q_limit': (0.0, 100.0), 'q_range': (-10.0, 30.0), 'low': -10.0, 'high': 30.0, 'update_q_delta': (0.0, 30.0), 't_range_pass': (2.0, 4.0)}
[INFO] CSV saved: data/myrobot/hirai/csv/20250831/step/slow/motion_data_089.csv
[INFO] Plot saved: data/myrobot/hirai/csv/20250831/step/slow/motion_data_089.png
[INFO] Plot saved: data/myrobot/hirai/graph/20250831/step/slow/motion_data_089.png
[INFO] Run 91/100
[DEBUG] Pre-valve encoder raw (run 91): 907.822 deg
[INFO] Captured encoder zero for run 91: 907.822 deg (offset from pre-valve: 0.000 deg)
[DEBUG] Trajectory params: {'q0': -0.0, 'q_limit': (0.0, 100.0), 'q_range': (-10.0, 30.0), 'low': -10.0, 'high': 30.0, 'update_q_delta': (0.0, 30.0), 't_range_pass': (2.0, 4.0)}
[INFO] CSV saved: data/myrobot/hirai/csv/20250831/step/slow/motion_data_090.csv
[INFO] Plot saved: data/myrobot/hirai/csv/20250831/step/slow/motion_data_090.png
[INFO] Plot saved: data/myrobot/hirai/graph/20250831/step/slow/motion_data_090.png
[INFO] Run 92/100
[DEBUG] Pre-valve encoder raw (run 92): 908.965 deg
[INFO] Captured encoder zero for run 92: 908.965 deg (offset from pre-valve: 0.000 deg)
[DEBUG] Trajectory params: {'q0': -0.0, 'q_limit': (0.0, 100.0), 'q_range': (-10.0, 30.0), 'low': -10.0, 'high': 30.0, 'update_q_delta': (0.0, 30.0), 't_range_pass': (2.0, 4.0)}
[INFO] CSV saved: data/myrobot/hirai/csv/20250831/step/slow/motion_data_091.csv
[INFO] Plot saved: data/myrobot/hirai/csv/20250831/step/slow/motion_data_091.png
[INFO] Plot saved: data/myrobot/hirai/graph/20250831/step/slow/motion_data_091.png
[INFO] Run 93/100
[DEBUG] Pre-valve encoder raw (run 93): 937.529 deg
[INFO] Captured encoder zero for run 93: 937.529 deg (offset from pre-valve: 0.000 deg)
[DEBUG] Trajectory params: {'q0': -0.0, 'q_limit': (0.0, 100.0), 'q_range': (-10.0, 30.0), 'low': -10.0, 'high': 30.0, 'update_q_delta': (0.0, 30.0), 't_range_pass': (2.0, 4.0)}
[INFO] CSV saved: data/myrobot/hirai/csv/20250831/step/slow/motion_data_092.csv
[INFO] Plot saved: data/myrobot/hirai/csv/20250831/step/slow/motion_data_092.png
[INFO] Plot saved: data/myrobot/hirai/graph/20250831/step/slow/motion_data_092.png
[INFO] Run 94/100
[DEBUG] Pre-valve encoder raw (run 94): 952.119 deg
[INFO] Captured encoder zero for run 94: 952.119 deg (offset from pre-valve: 0.000 deg)
[DEBUG] Trajectory params: {'q0': -0.0, 'q_limit': (0.0, 100.0), 'q_range': (-10.0, 30.0), 'low': -10.0, 'high': 30.0, 'update_q_delta': (0.0, 30.0), 't_range_pass': (2.0, 4.0)}
[INFO] CSV saved: data/myrobot/hirai/csv/20250831/step/slow/motion_data_093.csv
[INFO] Plot saved: data/myrobot/hirai/csv/20250831/step/slow/motion_data_093.png
[INFO] Plot saved: data/myrobot/hirai/graph/20250831/step/slow/motion_data_093.png
[INFO] Run 95/100
[DEBUG] Pre-valve encoder raw (run 95): 947.725 deg
[INFO] Captured encoder zero for run 95: 947.812 deg (offset from pre-valve: 0.088 deg)
[DEBUG] Trajectory params: {'q0': -0.0, 'q_limit': (0.0, 100.0), 'q_range': (-10.0, 30.0), 'low': -10.0, 'high': 30.0, 'update_q_delta': (0.0, 30.0), 't_range_pass': (2.0, 4.0)}
[INFO] CSV saved: data/myrobot/hirai/csv/20250831/step/slow/motion_data_094.csv
[INFO] Plot saved: data/myrobot/hirai/csv/20250831/step/slow/motion_data_094.png
[INFO] Plot saved: data/myrobot/hirai/graph/20250831/step/slow/motion_data_094.png
[INFO] Run 96/100
[DEBUG] Pre-valve encoder raw (run 96): 972.246 deg
[INFO] Captured encoder zero for run 96: 972.246 deg (offset from pre-valve: 0.000 deg)
[DEBUG] Trajectory params: {'q0': -0.0, 'q_limit': (0.0, 100.0), 'q_range': (-10.0, 30.0), 'low': -10.0, 'high': 30.0, 'update_q_delta': (0.0, 30.0), 't_range_pass': (2.0, 4.0)}
[INFO] CSV saved: data/myrobot/hirai/csv/20250831/step/slow/motion_data_095.csv
[INFO] Plot saved: data/myrobot/hirai/csv/20250831/step/slow/motion_data_095.png
[INFO] Plot saved: data/myrobot/hirai/graph/20250831/step/slow/motion_data_095.png
[INFO] Run 97/100
[DEBUG] Pre-valve encoder raw (run 97): 991.934 deg
[INFO] Captured encoder zero for run 97: 991.934 deg (offset from pre-valve: 0.000 deg)
[DEBUG] Trajectory params: {'q0': -0.0, 'q_limit': (0.0, 100.0), 'q_range': (-10.0, 30.0), 'low': -10.0, 'high': 30.0, 'update_q_delta': (0.0, 30.0), 't_range_pass': (2.0, 4.0)}
[INFO] CSV saved: data/myrobot/hirai/csv/20250831/step/slow/motion_data_096.csv
[INFO] Plot saved: data/myrobot/hirai/csv/20250831/step/slow/motion_data_096.png
[INFO] Plot saved: data/myrobot/hirai/graph/20250831/step/slow/motion_data_096.png
[INFO] Run 98/100
[DEBUG] Pre-valve encoder raw (run 98): 991.494 deg
[INFO] Captured encoder zero for run 98: 991.494 deg (offset from pre-valve: 0.000 deg)
[DEBUG] Trajectory params: {'q0': -0.0, 'q_limit': (0.0, 100.0), 'q_range': (-10.0, 30.0), 'low': -10.0, 'high': 30.0, 'update_q_delta': (0.0, 30.0), 't_range_pass': (2.0, 4.0)}
[INFO] CSV saved: data/myrobot/hirai/csv/20250831/step/slow/motion_data_097.csv
[INFO] Plot saved: data/myrobot/hirai/csv/20250831/step/slow/motion_data_097.png
[INFO] Plot saved: data/myrobot/hirai/graph/20250831/step/slow/motion_data_097.png
[INFO] Run 99/100
[DEBUG] Pre-valve encoder raw (run 99): 1009.688 deg
[INFO] Captured encoder zero for run 99: 1009.775 deg (offset from pre-valve: 0.088 deg)
[DEBUG] Trajectory params: {'q0': -0.0, 'q_limit': (0.0, 100.0), 'q_range': (-10.0, 30.0), 'low': -10.0, 'high': 30.0, 'update_q_delta': (0.0, 30.0), 't_range_pass': (2.0, 4.0)}
[INFO] CSV saved: data/myrobot/hirai/csv/20250831/step/slow/motion_data_098.csv
[INFO] Plot saved: data/myrobot/hirai/csv/20250831/step/slow/motion_data_098.png
[INFO] Plot saved: data/myrobot/hirai/graph/20250831/step/slow/motion_data_098.png
[INFO] Run 100/100
[DEBUG] Pre-valve encoder raw (run 100): 1010.566 deg
[INFO] Captured encoder zero for run 100: 1010.654 deg (offset from pre-valve: 0.088 deg)
[DEBUG] Trajectory params: {'q0': -0.0, 'q_limit': (0.0, 100.0), 'q_range': (-10.0, 30.0), 'low': -10.0, 'high': 30.0, 'update_q_delta': (0.0, 30.0), 't_range_pass': (2.0, 4.0)}
[INFO] CSV saved: data/myrobot/hirai/csv/20250831/step/slow/motion_data_099.csv
[INFO] Plot saved: data/myrobot/hirai/csv/20250831/step/slow/motion_data_099.png
[INFO] Plot saved: data/myrobot/hirai/graph/20250831/step/slow/motion_data_099.png
[INFO] All runs finished
